<?xml version="1.0" encoding="UTF-8"?>
<!-- Generated by org.testng.reporters.JUnitReportReporter -->
<testsuite skipped="0" hostname="User" name="com.qa.test.HomePageTest" tests="3" failures="0" timestamp="29 Dec 2019 00:09:34 GMT" time="51.465" errors="0">
  <testcase name="selectDepartingAndArrivingCity" time="13.795" classname="com.qa.test.HomePageTest"/>
  <testcase name="checkTravelTheWorldLink" time="13.593" classname="com.qa.test.HomePageTest"/>
  <testcase name="checkHomeLink" time="24.077" classname="com.qa.test.HomePageTest"/>
</testsuite> <!-- com.qa.test.HomePageTest -->
